<?xml version="1.0" encoding="UTF-8"?>
<!-- Generated by org.testng.reporters.JUnitReportReporter -->
<testsuite hostname="DESKTOP-7NPKLB4" failures="0" tests="1" name="testNGstudy.TestNGstudy1" time="0.021" errors="0" timestamp="2022-08-01T13:24:32 IST" skipped="0">
  <testcase classname="testNGstudy.TestNGstudy1" name="testngMethod" time="0.021"/>
  <system-out>
    <![CDATA[this is written by in reporter statment without boolen
this is written by in repoter statment with boolen]]>
  </system-out>
</testsuite> <!-- testNGstudy.TestNGstudy1 -->
