<?xml version="1.0" encoding="UTF-8"?>
<!-- Generated by org.testng.reporters.JUnitReportReporter -->
<testsuite hostname="DESKTOP-7NPKLB4" failures="0" tests="2" name="testngAnnotations.AnnotationStudy" time="0.023" errors="0" timestamp="2022-07-21T23:52:30 IST" skipped="0">
  <testcase classname="testngAnnotations.AnnotationStudy" name="myTest" time="0.019"/>
  <system-out>
    <![CDATA[this is my 2nd tc]]>
  </system-out>
  <testcase classname="testngAnnotations.AnnotationStudy" name="testngMethod" time="0.004"/>
  <system-out>
    <![CDATA[user is valid]]>
  </system-out>
</testsuite> <!-- testngAnnotations.AnnotationStudy -->
