<?xml version="1.0" encoding="UTF-8"?>
<!-- Generated by org.testng.reporters.JUnitReportReporter -->
<testsuite hostname="DESKTOP-7NPKLB4" failures="0" tests="4" name="testXMLstudy.Method3IncludeExclude" time="0.030" errors="0" timestamp="2022-07-26T17:39:50 IST" skipped="0">
  <testcase classname="testXMLstudy.Method3IncludeExclude" name="d" time="0.008"/>
  <system-out>
    <![CDATA[d method is running]]>
  </system-out>
  <testcase classname="testXMLstudy.Method3IncludeExclude" name="a" time="0.017"/>
  <system-out>
    <![CDATA[a method is running]]>
  </system-out>
  <testcase classname="testXMLstudy.Method3IncludeExclude" name="c" time="0.002"/>
  <system-out>
    <![CDATA[c method is running]]>
  </system-out>
  <testcase classname="testXMLstudy.Method3IncludeExclude" name="e" time="0.003"/>
  <system-out>
    <![CDATA[e method is running]]>
  </system-out>
</testsuite> <!-- testXMLstudy.Method3IncludeExclude -->
