<?xml version="1.0" encoding="UTF-8"?>
<!-- Generated by org.testng.reporters.JUnitReportReporter -->
<testsuite hostname="DESKTOP-7NPKLB4" failures="0" tests="2" name="testngAnnotations.AnnotationStudy3" time="0.022" errors="0" timestamp="2022-07-24T20:45:09 IST" skipped="0">
  <testcase classname="testngAnnotations.AnnotationStudy3" name="myMethod1" time="0.006"/>
  <system-out>
    <![CDATA[another validate user]]>
  </system-out>
  <testcase classname="testngAnnotations.AnnotationStudy3" name="myMethod" time="0.016"/>
  <system-out>
    <![CDATA[validate userid from myMethod]]>
  </system-out>
</testsuite> <!-- testngAnnotations.AnnotationStudy3 -->
