<?xml version="1.0" encoding="UTF-8"?>
<!-- Generated by org.testng.reporters.JUnitReportReporter -->
<testsuite hostname="DESKTOP-7NPKLB4" failures="0" tests="2" name="testNGstudy.TestNGStudy" time="21.945" errors="0" timestamp="2022-07-21T22:15:10 IST" skipped="0">
  <testcase classname="testNGstudy.TestNGStudy" name="amazon" time="12.741"/>
  <system-out/>
  <testcase classname="testNGstudy.TestNGStudy" name="KiteLaunch" time="9.204"/>
  <system-out/>
</testsuite> <!-- testNGstudy.TestNGStudy -->
