<?xml version="1.0" encoding="UTF-8"?>
<!-- Generated by org.testng.reporters.JUnitReportReporter -->
<testsuite hostname="DESKTOP-7NPKLB4" failures="0" tests="1" name="assertStudyTestng.AssertTrueAndFalse" time="0.031" errors="0" timestamp="2022-07-28T13:33:24 IST" skipped="0">
  <testcase classname="assertStudyTestng.AssertTrueAndFalse" name="testCase2" time="0.031"/>
  <system-out/>
</testsuite> <!-- assertStudyTestng.AssertTrueAndFalse -->
