<?xml version="1.0" encoding="UTF-8"?>
<!-- Generated by org.testng.reporters.JUnitReportReporter -->
<testsuite hostname="DESKTOP-7NPKLB4" failures="0" tests="4" name="testXMLstudy.Method2IncludeExclude" time="0.010" errors="0" timestamp="2022-07-26T18:03:27 IST" skipped="0">
  <testcase classname="testXMLstudy.Method2IncludeExclude" name="f" time="0.003"/>
  <system-out>
    <![CDATA[f method is running]]>
  </system-out>
  <testcase classname="testXMLstudy.Method2IncludeExclude" name="g" time="0.003"/>
  <system-out>
    <![CDATA[g method is running]]>
  </system-out>
  <testcase classname="testXMLstudy.Method2IncludeExclude" name="h" time="0.002"/>
  <system-out>
    <![CDATA[h method is running]]>
  </system-out>
  <testcase classname="testXMLstudy.Method2IncludeExclude" name="i" time="0.002"/>
  <system-out>
    <![CDATA[i method is running]]>
  </system-out>
</testsuite> <!-- testXMLstudy.Method2IncludeExclude -->
