<?xml version="1.0" encoding="UTF-8"?>
<!-- Generated by org.testng.reporters.JUnitReportReporter -->
<testsuite hostname="DESKTOP-7NPKLB4" failures="0" tests="2" name="testngKeyWords.DependsOnMethod" time="0.039" errors="0" timestamp="2022-07-24T22:49:49 IST" skipped="0">
  <testcase classname="testngKeyWords.DependsOnMethod" name="R" time="0.033"/>
  <system-out>
    <![CDATA[R is running ]]>
  </system-out>
  <testcase classname="testngKeyWords.DependsOnMethod" name="M" time="0.006"/>
  <system-out>
    <![CDATA[M is running ]]>
  </system-out>
</testsuite> <!-- testngKeyWords.DependsOnMethod -->
