<?xml version="1.0" encoding="UTF-8"?>
<!-- Generated by org.testng.reporters.JUnitReportReporter -->
<testsuite hostname="DESKTOP-7NPKLB4" failures="0" tests="1" name="baseUtilityTestPomPackage.TestClass" time="11.426" errors="0" timestamp="2022-08-02T13:22:30 IST" skipped="0">
  <testcase classname="baseUtilityTestPomPackage.TestClass" name="validateUser" time="11.426"/>
  <system-out>
    <![CDATA[validate user]]>
  </system-out>
</testsuite> <!-- baseUtilityTestPomPackage.TestClass -->
