<?xml version="1.0" encoding="UTF-8"?>
<!-- Generated by org.testng.reporters.JUnitReportReporter -->
<testsuite hostname="DESKTOP-7NPKLB4" failures="0" tests="2" name="testXMLstudy.MethodIncludeExlude" time="0.021" errors="0" timestamp="2022-07-26T18:03:27 IST" skipped="0">
  <testcase classname="testXMLstudy.MethodIncludeExlude" name="b" time="0.018"/>
  <system-out>
    <![CDATA[b method is running]]>
  </system-out>
  <testcase classname="testXMLstudy.MethodIncludeExlude" name="e" time="0.003"/>
  <system-out>
    <![CDATA[e method is running]]>
  </system-out>
</testsuite> <!-- testXMLstudy.MethodIncludeExlude -->
