<?xml version="1.0" encoding="UTF-8"?>
<!-- Generated by org.testng.reporters.JUnitReportReporter -->
<testsuite hostname="DESKTOP-7NPKLB4" failures="0" tests="3" name="testngKeyWords.InnvocationCountStudy" time="0.038" errors="0" timestamp="2022-08-03T21:35:20 IST" skipped="0">
  <testcase classname="testngKeyWords.InnvocationCountStudy" name="myMethod" time="0.004"/>
  <system-out>
    <![CDATA[validate userid from myMethod]]>
  </system-out>
  <testcase classname="testngKeyWords.InnvocationCountStudy" name="myMethod" time="0.004"/>
  <system-out>
    <![CDATA[validate userid from myMethod]]>
  </system-out>
  <testcase classname="testngKeyWords.InnvocationCountStudy" name="myMethod" time="0.030"/>
  <system-out>
    <![CDATA[validate userid from myMethod]]>
  </system-out>
</testsuite> <!-- testngKeyWords.InnvocationCountStudy -->
