<?xml version="1.0" encoding="UTF-8"?>
<!-- Generated by org.testng.reporters.JUnitReportReporter -->
<testsuite hostname="DESKTOP-7NPKLB4" failures="0" tests="5" name="testngKeyWords.EnbaledStudy" time="0.040" errors="0" timestamp="2022-08-03T21:36:55 IST" skipped="2">
  <testcase classname="testngKeyWords.EnbaledStudy" name="e" time="0.006"/>
  <system-out>
    <![CDATA[e method is running]]>
  </system-out>
  <testcase classname="testngKeyWords.EnbaledStudy" name="c" time="0.028"/>
  <system-out>
    <![CDATA[c method is running]]>
  </system-out>
  <testcase classname="testngKeyWords.EnbaledStudy" name="f" time="0.006"/>
  <system-out>
    <![CDATA[f method is running]]>
  </system-out>
  <testcase classname="testngKeyWords.EnbaledStudy" name="a">
    <skipped/>
  </testcase> <!-- a -->
  <system-out/>
  <testcase classname="testngKeyWords.EnbaledStudy" name="r">
    <skipped/>
  </testcase> <!-- r -->
  <system-out/>
</testsuite> <!-- testngKeyWords.EnbaledStudy -->
