<?xml version="1.0" encoding="UTF-8"?>
<!-- Generated by org.testng.reporters.JUnitReportReporter -->
<testsuite hostname="DESKTOP-7NPKLB4" failures="0" tests="1" name="assertStudyTestng.AssertRealtimeEx" time="8.946" errors="0" timestamp="2022-07-27T21:59:40 IST" skipped="0">
  <testcase classname="assertStudyTestng.AssertRealtimeEx" name="facebookLaunch" time="8.946"/>
  <system-out/>
</testsuite> <!-- assertStudyTestng.AssertRealtimeEx -->
