<?xml version="1.0" encoding="UTF-8"?>
<!-- Generated by org.testng.reporters.JUnitReportReporter -->
<testsuite hostname="DESKTOP-7NPKLB4" failures="0" tests="2" name="serialParallelStudy.Demo2" time="46.998" errors="0" timestamp="2022-07-27T10:53:36 IST" skipped="0">
  <testcase classname="serialParallelStudy.Demo2" name="flipkartLaunch" time="20.912"/>
  <system-out/>
  <testcase classname="serialParallelStudy.Demo2" name="policyBajarLaunch" time="26.086"/>
  <system-out/>
</testsuite> <!-- serialParallelStudy.Demo2 -->
