<?xml version="1.0" encoding="UTF-8"?>
<!-- Generated by org.testng.reporters.JUnitReportReporter -->
<testsuite hostname="DESKTOP-7NPKLB4" failures="0" tests="1" name="testngAnnotations.AnnotationStudy2" time="0.010" errors="0" timestamp="2022-07-22T15:46:07 IST" skipped="0">
  <testcase classname="testngAnnotations.AnnotationStudy2" name="validateUser" time="0.010"/>
  <system-out>
    <![CDATA[user is validate]]>
  </system-out>
</testsuite> <!-- testngAnnotations.AnnotationStudy2 -->
