<?xml version="1.0" encoding="UTF-8"?>
<!-- Generated by org.testng.reporters.JUnitReportReporter -->
<testsuite hostname="DESKTOP-7NPKLB4" failures="0" tests="1" name="crossBrowserStudy.FirefoxLaunch" time="15.184" errors="0" timestamp="2022-08-07T22:42:23 IST" skipped="0">
  <testcase classname="crossBrowserStudy.FirefoxLaunch" name="testcase" time="15.184"/>
  <system-out/>
</testsuite> <!-- crossBrowserStudy.FirefoxLaunch -->
