<?xml version="1.0" encoding="UTF-8"?>
<!-- Generated by org.testng.reporters.JUnitReportReporter -->
<testsuite hostname="DESKTOP-7NPKLB4" failures="0" tests="1" name="testXMLstudy.Method4IncludeExclude" time="0.002" errors="0" timestamp="2022-07-26T17:39:50 IST" skipped="0">
  <testcase classname="testXMLstudy.Method4IncludeExclude" name="g" time="0.002"/>
  <system-out>
    <![CDATA[g method is running]]>
  </system-out>
</testsuite> <!-- testXMLstudy.Method4IncludeExclude -->
