<?xml version="1.0" encoding="UTF-8"?>
<!-- Generated by org.testng.reporters.JUnitReportReporter -->
<testsuite hostname="DESKTOP-7NPKLB4" failures="0" tests="2" name="testXMLGrouping.Grouping2" time="0.025" errors="0" timestamp="2022-07-26T18:12:06 IST" skipped="0">
  <testcase classname="testXMLGrouping.Grouping2" name="j" time="0.003"/>
  <system-out>
    <![CDATA[Sanity method is running]]>
  </system-out>
  <testcase classname="testXMLGrouping.Grouping2" name="g" time="0.022"/>
  <system-out>
    <![CDATA[Sanity method is running]]>
  </system-out>
</testsuite> <!-- testXMLGrouping.Grouping2 -->
