<?xml version="1.0" encoding="UTF-8"?>
<!-- Generated by org.testng.reporters.JUnitReportReporter -->
<testsuite hostname="DESKTOP-7NPKLB4" failures="0" tests="2" name="crossBrowserStudy.CompabilityTesting" time="31.447" errors="0" timestamp="2022-07-29T13:17:34 IST" skipped="0">
  <testcase classname="crossBrowserStudy.CompabilityTesting" name="testCase" time="11.170"/>
  <system-out/>
  <testcase classname="crossBrowserStudy.CompabilityTesting" name="testCase" time="20.277"/>
  <system-out/>
</testsuite> <!-- crossBrowserStudy.CompabilityTesting -->
