<?xml version="1.0" encoding="UTF-8"?>
<!-- Generated by org.testng.reporters.JUnitReportReporter -->
<testsuite hostname="DESKTOP-7NPKLB4" failures="0" tests="1" name="testNGstudy.TestNGtest" time="42.590" errors="0" timestamp="2022-07-21T21:54:04 IST" skipped="0">
  <testcase classname="testNGstudy.TestNGtest" name="launchKite" time="42.590"/>
  <system-out/>
</testsuite> <!-- testNGstudy.TestNGtest -->
