<?xml version="1.0" encoding="UTF-8"?>
<!-- Generated by org.testng.reporters.JUnitReportReporter -->
<testsuite hostname="DESKTOP-7NPKLB4" failures="0" tests="2" name="serialParallelStudy.Demo1" time="26.589" errors="0" timestamp="2022-07-27T10:53:36 IST" skipped="0">
  <testcase classname="serialParallelStudy.Demo1" name="KiteLaunch" time="12.570"/>
  <system-out/>
  <testcase classname="serialParallelStudy.Demo1" name="amazonLaunch" time="14.019"/>
  <system-out/>
</testsuite> <!-- serialParallelStudy.Demo1 -->
