<?xml version="1.0" encoding="UTF-8"?>
<!-- Generated by org.testng.reporters.JUnitReportReporter -->
<testsuite hostname="DESKTOP-7NPKLB4" failures="0" tests="3" name="testXMLGrouping.Grouping1" time="0.008" errors="0" timestamp="2022-07-26T18:12:06 IST" skipped="0">
  <testcase classname="testXMLGrouping.Grouping1" name="a" time="0.002"/>
  <system-out>
    <![CDATA[Sanity method is running]]>
  </system-out>
  <testcase classname="testXMLGrouping.Grouping1" name="c" time="0.004"/>
  <system-out>
    <![CDATA[Sanity method is running]]>
  </system-out>
  <testcase classname="testXMLGrouping.Grouping1" name="e" time="0.002"/>
  <system-out>
    <![CDATA[Sanity method is running]]>
  </system-out>
</testsuite> <!-- testXMLGrouping.Grouping1 -->
