<?xml version="1.0" encoding="UTF-8"?>
<!-- Generated by org.testng.reporters.JUnitReportReporter -->
<testsuite hostname="DESKTOP-7NPKLB4" failures="0" tests="1" name="assertStudyTestng.AssertNullAndNotNuall" time="0.031" errors="0" timestamp="2022-07-27T20:10:01 IST" skipped="0">
  <testcase classname="assertStudyTestng.AssertNullAndNotNuall" name="testCase3" time="0.031"/>
  <system-out/>
</testsuite> <!-- assertStudyTestng.AssertNullAndNotNuall -->
