<?xml version="1.0" encoding="UTF-8"?>
<!-- Generated by org.testng.reporters.JUnitReportReporter -->
<testsuite hostname="DESKTOP-7NPKLB4" failures="0" tests="7" name="testngKeyWords.PriorityStudy" time="0.040" errors="0" timestamp="2022-08-03T21:39:56 IST" skipped="0">
  <testcase classname="testngKeyWords.PriorityStudy" name="r" time="0.002"/>
  <system-out>
    <![CDATA[r method is running]]>
  </system-out>
  <testcase classname="testngKeyWords.PriorityStudy" name="r" time="0.002"/>
  <system-out>
    <![CDATA[r method is running]]>
  </system-out>
  <testcase classname="testngKeyWords.PriorityStudy" name="r" time="0.005"/>
  <system-out>
    <![CDATA[r method is running]]>
  </system-out>
  <testcase classname="testngKeyWords.PriorityStudy" name="f" time="0.024"/>
  <system-out>
    <![CDATA[f method is running]]>
  </system-out>
  <testcase classname="testngKeyWords.PriorityStudy" name="c" time="0.003"/>
  <system-out>
    <![CDATA[c method is running]]>
  </system-out>
  <testcase classname="testngKeyWords.PriorityStudy" name="e" time="0.002"/>
  <system-out>
    <![CDATA[e method is running]]>
  </system-out>
  <testcase classname="testngKeyWords.PriorityStudy" name="a" time="0.002"/>
  <system-out>
    <![CDATA[a method is running]]>
  </system-out>
</testsuite> <!-- testngKeyWords.PriorityStudy -->
